#
# There is insufficient memory for the Java Runtime Environment to continue.
# Native memory allocation (malloc) failed to allocate 1048576 bytes for AllocateHeap
# Possible reasons:
#   The system is out of physical RAM or swap space
#   In 32 bit mode, the process size limit was hit
# Possible solutions:
#   Reduce memory load on the system
#   Increase physical memory or swap space
#   Check if swap backing store is full
#   Use 64 bit Java on a 64 bit OS
#   Decrease Java heap size (-Xmx/-Xms)
#   Decrease number of Java threads
#   Decrease Java thread stack sizes (-Xss)
#   Set larger code cache with -XX:ReservedCodeCacheSize=
# This output file may be truncated or incomplete.
#
#  Out of Memory Error (memory/allocation.inline.hpp:61), pid=7544, tid=0x0000000000001d90
#
# JRE version:  (8.0_102-b14) (build )
# Java VM: Java HotSpot(TM) 64-Bit Server VM (25.102-b14 mixed mode windows-amd64 compressed oops)
# Failed to write core dump. Minidumps are not enabled by default on client versions of Windows
#

---------------  T H R E A D  ---------------

Current thread (0x000000000202e000):  JavaThread "Unknown thread" [_thread_in_vm, id=7568, stack(0x00000000023a0000,0x00000000024a0000)]

Stack: [0x00000000023a0000,0x00000000024a0000]
[error occurred during error reporting (printing stack bounds), id 0xc0000005]

Native frames: (J=compiled Java code, j=interpreted, Vv=VM code, C=native code)


---------------  P R O C E S S  ---------------

Java Threads: ( => current thread )

Other Threads:

=>0x000000000202e000 (exited) JavaThread "Unknown thread" [_thread_in_vm, id=7568, stack(0x00000000023a0000,0x00000000024a0000)]

VM state:not at safepoint (normal execution)

VM Mutex/Monitor currently owned by a thread: None

Heap:
 PSYoungGen      total 34304K, used 593K [0x00000000da600000, 0x00000000dcc00000, 0x0000000100000000)
  eden space 29696K, 2% used [0x00000000da600000,0x00000000da6947b8,0x00000000dc300000)
  from space 4608K, 0% used [0x00000000dc780000,0x00000000dc780000,0x00000000dcc00000)
  to   space 4608K, 0% used [0x00000000dc300000,0x00000000dc300000,0x00000000dc780000)
 ParOldGen       total 77824K, used 0K [0x000000008f200000, 0x0000000093e00000, 0x00000000da600000)
  object space 77824K, 0% used [0x000000008f200000,0x000000008f200000,0x0000000093e00000)
 Metaspace       used 746K, capacity 4480K, committed 4480K, reserved 1056768K
  class space    used 75K, capacity 384K, committed 384K, reserved 1048576K

Card table byte_map: [0x0000000011860000,0x0000000011bf0000] byte_map_base: 0x00000000113e7000

Marking Bits: (ParMarkBitMap*) 0x00000000711ea6c0
 Begin Bits: [0x00000000123c0000, 0x0000000013ff8000)
 End Bits:   [0x0000000013ff8000, 0x0000000015c30000)

Polling page: 0x0000000000110000

CodeCache: size=245760Kb used=328Kb max_used=328Kb free=245431Kb
 bounds [0x00000000024a0000, 0x0000000002710000, 0x00000000114a0000]
 total_blobs=58 nmethods=0 adapters=38
 compilation: enabled

Compilation events (0 events):
No events

GC Heap History (0 events):
No events

Deoptimization events (0 events):
No events

Internal exceptions (0 events):
No events

Events (10 events):
Event: 0.019 loading class java/lang/Short
Event: 0.019 loading class java/lang/Short done
Event: 0.019 loading class java/lang/Integer
Event: 0.020 loading class java/lang/Integer done
Event: 0.020 loading class java/lang/Long
Event: 0.020 loading class java/lang/Long done
Event: 0.020 loading class java/lang/NullPointerException
Event: 0.020 loading class java/lang/NullPointerException done
Event: 0.020 loading class java/lang/ArithmeticException
Event: 0.020 loading class java/lang/ArithmeticException done


Dynamic libraries:
0x000000013f700000 - 0x000000013f737000 	D:\JDK\bin\javaw.exe
0x0000000076d60000 - 0x0000000076f09000 	C:\Windows\SYSTEM32\ntdll.dll
0x0000000076c40000 - 0x0000000076d5f000 	C:\Windows\system32\kernel32.dll
0x000007fefcec0000 - 0x000007fefcf2c000 	C:\Windows\system32\KERNELBASE.dll
0x000007fefe130000 - 0x000007fefe20b000 	C:\Windows\system32\ADVAPI32.dll
0x000007fefe840000 - 0x000007fefe8df000 	C:\Windows\system32\msvcrt.dll
0x000007feff030000 - 0x000007feff04f000 	C:\Windows\SYSTEM32\sechost.dll
0x000007fefef00000 - 0x000007feff02d000 	C:\Windows\system32\RPCRT4.dll
0x0000000076b40000 - 0x0000000076c3a000 	C:\Windows\system32\USER32.dll
0x000007fefe2a0000 - 0x000007fefe307000 	C:\Windows\system32\GDI32.dll
0x000007fefe290000 - 0x000007fefe29e000 	C:\Windows\system32\LPK.dll
0x000007fefd2d0000 - 0x000007fefd399000 	C:\Windows\system32\USP10.dll
0x000007fefb590000 - 0x000007fefb784000 	C:\Windows\WinSxS\amd64_microsoft.windows.common-controls_6595b64144ccf1df_6.0.7601.17514_none_fa396087175ac9ac\COMCTL32.dll
0x000007fefe8e0000 - 0x000007fefe951000 	C:\Windows\system32\SHLWAPI.dll
0x000007fefeed0000 - 0x000007fefeefe000 	C:\Windows\system32\IMM32.DLL
0x000007fefec90000 - 0x000007fefed99000 	C:\Windows\system32\MSCTF.dll
0x000007fefcc20000 - 0x000007fefcc52000 	C:\Windows\system32\nvinitx.dll
0x000007fefcc10000 - 0x000007fefcc1c000 	C:\Windows\system32\VERSION.dll
0x0000000073480000 - 0x0000000073486000 	C:\Program Files\NVIDIA Corporation\CoProcManager\detoured.dll
0x000007fef8650000 - 0x000007fef8688000 	C:\Program Files\NVIDIA Corporation\CoProcManager\nvd3d9wrapx.dll
0x000007fefe530000 - 0x000007fefe707000 	C:\Windows\system32\SETUPAPI.dll
0x000007fefcd10000 - 0x000007fefcd46000 	C:\Windows\system32\CFGMGR32.dll
0x000007fefeda0000 - 0x000007fefee77000 	C:\Windows\system32\OLEAUT32.dll
0x000007fefe320000 - 0x000007fefe523000 	C:\Windows\system32\ole32.dll
0x000007fefd050000 - 0x000007fefd06a000 	C:\Windows\system32\DEVOBJ.dll
0x000007fef85e0000 - 0x000007fef8604000 	C:\Program Files\NVIDIA Corporation\CoProcManager\nvdxgiwrapx.dll
0x000000006f660000 - 0x000000006f731000 	D:\JDK\bin\msvcr100.dll
0x00000000709d0000 - 0x000000007126a000 	D:\JDK\bin\server\jvm.dll
0x000007fef4220000 - 0x000007fef4229000 	C:\Windows\system32\WSOCK32.dll
0x000007fefee80000 - 0x000007fefeecd000 	C:\Windows\system32\WS2_32.dll
0x000007fefe310000 - 0x000007fefe318000 	C:\Windows\system32\NSI.dll
0x000007fef8610000 - 0x000007fef864b000 	C:\Windows\system32\WINMM.dll
0x0000000076f20000 - 0x0000000076f27000 	C:\Windows\system32\PSAPI.DLL
0x00000000739a0000 - 0x00000000739af000 	D:\JDK\bin\verify.dll
0x0000000073910000 - 0x0000000073939000 	D:\JDK\bin\java.dll
0x0000000073980000 - 0x0000000073996000 	D:\JDK\bin\zip.dll

VM Arguments:
jvm_args: -Dfile.encoding=GBK 
java_command: ticket.Manager
java_class_path (initial): D:\eclipse\workspace\Ticket\bin;D:\eclipse\plugins\org.eclipse.osgi_3.11.0.v20160603-1336.jar;D:\eclipse\plugins\org.eclipse.core.commands_3.8.0.v20160316-1921.jar;D:\eclipse\plugins\org.eclipse.equinox.common_3.8.0.v20160509-1230.jar;D:\eclipse\plugins\org.eclipse.equinox.registry_3.6.100.v20160223-2218.jar;D:\eclipse\plugins\org.eclipse.core.runtime_3.12.0.v20160606-1342.jar;D:\eclipse\plugins\org.eclipse.text_3.6.0.v20160503-1849.jar;D:\eclipse\plugins\org.eclipse.swt.win32.win32.x86_64_3.105.0.v20160603-0902.jar;D:\eclipse\plugins\org.eclipse.jface_3.12.0.v20160518-1929.jar;D:\eclipse\plugins\org.eclipse.jface.text_3.11.0.v20160505-1301.jar;D:\eclipse\plugins\org.eclipse.ui.workbench_3.108.0.v20160602-1232.jar;D:\eclipse\plugins\com.ibm.icu_56.1.0.v201601250100.jar;D:\eclipse\plugins\org.eclipse.ui.forms_3.7.0.v20160518-1929.jar;C:\mysql-connector-java-5.1.40\mysql-connector-java-5.1.40-bin.jar;D:\eclipse\workspace\Ticket\jgoodies-forms-1.8.0.jar
Launcher Type: SUN_STANDARD

Environment Variables:
CLASSPATH=D:\JDK\lib\tools.jar;D:\JDK\lib\dt.jar
PATH=D:/JDK/bin/server;D:/JDK/bin;D:/JDK/lib/amd64;D:\app\Kizuki\product\12.1.0\dbhome_1\bin;C:\ProgramData\Oracle\Java\javapath;C:\Program Files (x86)\NVIDIA Corporation\PhysX\Common;C:\Windows\system32;C:\Windows;C:\Windows\System32\Wbem;D:\JDK\bin;C:\windows\system32\;D:\Program Files (x86)\Microsoft SQL Server\100\Tools\Binn\;D:\Program Files\Microsoft SQL Server\100\Tools\Binn\;D:\Program Files\Microsoft SQL Server\100\DTS\Binn\;D:\Program Files (x86)\Microsoft SQL Server\100\Tools\Binn\VSShell\Common7\IDE\;D:\Program Files (x86)\Microsoft SQL Server\100\DTS\Binn\;C:\Program Files (x86)\Microsoft Visual Studio 9.0\Common7\IDE\PrivateAssemblis\;D:\wamp\bin\mysql\mysql5.6.17\bin\mysqld.exe;C:\Program Files\MySQL\MySQL Utilities 1.6\;D:\Program Files\MATLAB\R2014b\runtime\win64;D:\Program Files\MATLAB\R2014b\bin;D:\Program Files\MATLAB\R2014b\polyspace\bin;D:\eclipse;
USERNAME=lenovo
OS=Windows_NT
PROCESSOR_IDENTIFIER=Intel64 Family 6 Model 60 Stepping 3, GenuineIntel



---------------  S Y S T E M  ---------------

OS: Windows 7 , 64 bit Build 7601 (6.1.7601.18409)

CPU:total 4 (2 cores per cpu, 2 threads per core) family 6 model 60 stepping 3, cmov, cx8, fxsr, mmx, sse, sse2, sse3, ssse3, sse4.1, sse4.2, popcnt, avx, avx2, aes, clmul, erms, lzcnt, ht, tsc, tscinvbit, bmi1, bmi2

Memory: 4k page, physical 7395156k(1939804k free), swap 7393292k(3712k free)

vm_info: Java HotSpot(TM) 64-Bit Server VM (25.102-b14) for windows-amd64 JRE (1.8.0_102-b14), built on Jun 22 2016 13:15:21 by "java_re" with MS VC++ 10.0 (VS2010)

time: Thu Apr 06 21:50:45 2017
elapsed time: 0 seconds (0d 0h 0m 0s)

