#
# There is insufficient memory for the Java Runtime Environment to continue.
# Native memory allocation (malloc) failed to allocate 1048576 bytes for AllocateHeap
# Possible reasons:
#   The system is out of physical RAM or swap space
#   In 32 bit mode, the process size limit was hit
# Possible solutions:
#   Reduce memory load on the system
#   Increase physical memory or swap space
#   Check if swap backing store is full
#   Use 64 bit Java on a 64 bit OS
#   Decrease Java heap size (-Xmx/-Xms)
#   Decrease number of Java threads
#   Decrease Java thread stack sizes (-Xss)
#   Set larger code cache with -XX:ReservedCodeCacheSize=
# This output file may be truncated or incomplete.
#
#  Out of Memory Error (memory/allocation.inline.hpp:61), pid=6468, tid=0x00000000000014c4
#
# JRE version:  (8.0_102-b14) (build )
# Java VM: Java HotSpot(TM) 64-Bit Server VM (25.102-b14 mixed mode windows-amd64 compressed oops)
# Failed to write core dump. Minidumps are not enabled by default on client versions of Windows
#

---------------  T H R E A D  ---------------

Current thread (0x000000000017e000):  JavaThread "Unknown thread" [_thread_in_vm, id=5316, stack(0x0000000002450000,0x0000000002550000)]

Stack: [0x0000000002450000,0x0000000002550000]
[error occurred during error reporting (printing stack bounds), id 0xc0000005]

Native frames: (J=compiled Java code, j=interpreted, Vv=VM code, C=native code)


---------------  P R O C E S S  ---------------

Java Threads: ( => current thread )

Other Threads:

=>0x000000000017e000 (exited) JavaThread "Unknown thread" [_thread_in_vm, id=5316, stack(0x0000000002450000,0x0000000002550000)]

VM state:not at safepoint (normal execution)

VM Mutex/Monitor currently owned by a thread: None

Heap:
 PSYoungGen      total 34304K, used 593K [0x00000000da600000, 0x00000000dcc00000, 0x0000000100000000)
  eden space 29696K, 2% used [0x00000000da600000,0x00000000da6947b8,0x00000000dc300000)
  from space 4608K, 0% used [0x00000000dc780000,0x00000000dc780000,0x00000000dcc00000)
  to   space 4608K, 0% used [0x00000000dc300000,0x00000000dc300000,0x00000000dc780000)
 ParOldGen       total 77824K, used 0K [0x000000008f200000, 0x0000000093e00000, 0x00000000da600000)
  object space 77824K, 0% used [0x000000008f200000,0x000000008f200000,0x0000000093e00000)
 Metaspace       used 746K, capacity 4480K, committed 4480K, reserved 1056768K
  class space    used 75K, capacity 384K, committed 384K, reserved 1048576K

Card table byte_map: [0x0000000011910000,0x0000000011ca0000] byte_map_base: 0x0000000011497000

Marking Bits: (ParMarkBitMap*) 0x000000006759a6c0
 Begin Bits: [0x00000000124a0000, 0x00000000140d8000)
 End Bits:   [0x00000000140d8000, 0x0000000015d10000)

Polling page: 0x0000000000110000

CodeCache: size=245760Kb used=328Kb max_used=328Kb free=245431Kb
 bounds [0x0000000002550000, 0x00000000027c0000, 0x0000000011550000]
 total_blobs=58 nmethods=0 adapters=38
 compilation: enabled

Compilation events (0 events):
No events

GC Heap History (0 events):
No events

Deoptimization events (0 events):
No events

Internal exceptions (0 events):
No events

Events (10 events):
Event: 0.020 loading class java/lang/Short
Event: 0.020 loading class java/lang/Short done
Event: 0.020 loading class java/lang/Integer
Event: 0.020 loading class java/lang/Integer done
Event: 0.020 loading class java/lang/Long
Event: 0.020 loading class java/lang/Long done
Event: 0.021 loading class java/lang/NullPointerException
Event: 0.021 loading class java/lang/NullPointerException done
Event: 0.021 loading class java/lang/ArithmeticException
Event: 0.021 loading class java/lang/ArithmeticException done


Dynamic libraries:
0x000000013fa60000 - 0x000000013fa97000 	D:\JDK\bin\javaw.exe
0x0000000077a80000 - 0x0000000077c29000 	C:\Windows\SYSTEM32\ntdll.dll
0x0000000077860000 - 0x000000007797f000 	C:\Windows\system32\kernel32.dll
0x000007fefdce0000 - 0x000007fefdd4c000 	C:\Windows\system32\KERNELBASE.dll
0x000007feff6b0000 - 0x000007feff78b000 	C:\Windows\system32\ADVAPI32.dll
0x000007feff610000 - 0x000007feff6af000 	C:\Windows\system32\msvcrt.dll
0x000007feff430000 - 0x000007feff44f000 	C:\Windows\SYSTEM32\sechost.dll
0x000007fefdff0000 - 0x000007fefe11d000 	C:\Windows\system32\RPCRT4.dll
0x0000000077980000 - 0x0000000077a7a000 	C:\Windows\system32\USER32.dll
0x000007feff520000 - 0x000007feff587000 	C:\Windows\system32\GDI32.dll
0x000007feff5f0000 - 0x000007feff5fe000 	C:\Windows\system32\LPK.dll
0x000007feff450000 - 0x000007feff519000 	C:\Windows\system32\USP10.dll
0x000007fefc800000 - 0x000007fefc9f4000 	C:\Windows\WinSxS\amd64_microsoft.windows.common-controls_6595b64144ccf1df_6.0.7601.17514_none_fa396087175ac9ac\COMCTL32.dll
0x000007feff360000 - 0x000007feff3d1000 	C:\Windows\system32\SHLWAPI.dll
0x000007feff040000 - 0x000007feff06e000 	C:\Windows\system32\IMM32.DLL
0x000007feff830000 - 0x000007feff939000 	C:\Windows\system32\MSCTF.dll
0x000007fefd940000 - 0x000007fefd972000 	C:\Windows\system32\nvinitx.dll
0x000007fefd930000 - 0x000007fefd93c000 	C:\Windows\system32\VERSION.dll
0x0000000075750000 - 0x0000000075756000 	C:\Program Files\NVIDIA Corporation\CoProcManager\detoured.dll
0x000007fefb620000 - 0x000007fefb658000 	C:\Program Files\NVIDIA Corporation\CoProcManager\nvd3d9wrapx.dll
0x000007fefdd90000 - 0x000007fefdf67000 	C:\Windows\system32\SETUPAPI.dll
0x000007fefda50000 - 0x000007fefda86000 	C:\Windows\system32\CFGMGR32.dll
0x000007feff070000 - 0x000007feff147000 	C:\Windows\system32\OLEAUT32.dll
0x000007feff150000 - 0x000007feff353000 	C:\Windows\system32\ole32.dll
0x000007fefda30000 - 0x000007fefda4a000 	C:\Windows\system32\DEVOBJ.dll
0x000007fefb560000 - 0x000007fefb584000 	C:\Program Files\NVIDIA Corporation\CoProcManager\nvdxgiwrapx.dll
0x0000000073500000 - 0x00000000735d1000 	D:\JDK\bin\msvcr100.dll
0x0000000066d80000 - 0x000000006761a000 	D:\JDK\bin\server\jvm.dll
0x000007fefbc60000 - 0x000007fefbc69000 	C:\Windows\system32\WSOCK32.dll
0x000007feff3e0000 - 0x000007feff42d000 	C:\Windows\system32\WS2_32.dll
0x000007feff600000 - 0x000007feff608000 	C:\Windows\system32\NSI.dll
0x000007fefa690000 - 0x000007fefa6cb000 	C:\Windows\system32\WINMM.dll
0x0000000077c40000 - 0x0000000077c47000 	C:\Windows\system32\PSAPI.DLL
0x0000000073930000 - 0x000000007393f000 	D:\JDK\bin\verify.dll
0x00000000736a0000 - 0x00000000736c9000 	D:\JDK\bin\java.dll
0x0000000073680000 - 0x0000000073696000 	D:\JDK\bin\zip.dll

VM Arguments:
jvm_args: -Dfile.encoding=GBK 
java_command: ticket.Search
java_class_path (initial): D:\eclipse\workspace\Ticket\bin;D:\eclipse\plugins\org.eclipse.osgi_3.11.0.v20160603-1336.jar;D:\eclipse\plugins\org.eclipse.core.commands_3.8.0.v20160316-1921.jar;D:\eclipse\plugins\org.eclipse.equinox.common_3.8.0.v20160509-1230.jar;D:\eclipse\plugins\org.eclipse.equinox.registry_3.6.100.v20160223-2218.jar;D:\eclipse\plugins\org.eclipse.core.runtime_3.12.0.v20160606-1342.jar;D:\eclipse\plugins\org.eclipse.text_3.6.0.v20160503-1849.jar;D:\eclipse\plugins\org.eclipse.swt.win32.win32.x86_64_3.105.0.v20160603-0902.jar;D:\eclipse\plugins\org.eclipse.jface_3.12.0.v20160518-1929.jar;D:\eclipse\plugins\org.eclipse.jface.text_3.11.0.v20160505-1301.jar;D:\eclipse\plugins\org.eclipse.ui.workbench_3.108.0.v20160602-1232.jar;D:\eclipse\plugins\com.ibm.icu_56.1.0.v201601250100.jar;D:\eclipse\plugins\org.eclipse.ui.forms_3.7.0.v20160518-1929.jar;C:\mysql-connector-java-5.1.40\mysql-connector-java-5.1.40-bin.jar;D:\eclipse\workspace\Ticket\jgoodies-forms-1.8.0.jar
Launcher Type: SUN_STANDARD

Environment Variables:
CLASSPATH=D:\JDK\lib\tools.jar;D:\JDK\lib\dt.jar
PATH=D:/JDK/bin/server;D:/JDK/bin;D:/JDK/lib/amd64;D:\app\Kizuki\product\12.1.0\dbhome_1\bin;C:\ProgramData\Oracle\Java\javapath;C:\Program Files (x86)\NVIDIA Corporation\PhysX\Common;C:\Windows\system32;C:\Windows;C:\Windows\System32\Wbem;D:\JDK\bin;C:\windows\system32\;D:\Program Files (x86)\Microsoft SQL Server\100\Tools\Binn\;D:\Program Files\Microsoft SQL Server\100\Tools\Binn\;D:\Program Files\Microsoft SQL Server\100\DTS\Binn\;D:\Program Files (x86)\Microsoft SQL Server\100\Tools\Binn\VSShell\Common7\IDE\;D:\Program Files (x86)\Microsoft SQL Server\100\DTS\Binn\;C:\Program Files (x86)\Microsoft Visual Studio 9.0\Common7\IDE\PrivateAssemblis\;D:\wamp\bin\mysql\mysql5.6.17\bin\mysqld.exe;C:\Program Files\MySQL\MySQL Utilities 1.6\;D:\Program Files\MATLAB\R2014b\runtime\win64;D:\Program Files\MATLAB\R2014b\bin;D:\Program Files\MATLAB\R2014b\polyspace\bin;D:\eclipse;
USERNAME=lenovo
OS=Windows_NT
PROCESSOR_IDENTIFIER=Intel64 Family 6 Model 60 Stepping 3, GenuineIntel



---------------  S Y S T E M  ---------------

OS: Windows 7 , 64 bit Build 7601 (6.1.7601.18409)

CPU:total 4 (2 cores per cpu, 2 threads per core) family 6 model 60 stepping 3, cmov, cx8, fxsr, mmx, sse, sse2, sse3, ssse3, sse4.1, sse4.2, popcnt, avx, avx2, aes, clmul, erms, lzcnt, ht, tsc, tscinvbit, bmi1, bmi2

Memory: 4k page, physical 7395156k(2194476k free), swap 7393292k(5716k free)

vm_info: Java HotSpot(TM) 64-Bit Server VM (25.102-b14) for windows-amd64 JRE (1.8.0_102-b14), built on Jun 22 2016 13:15:21 by "java_re" with MS VC++ 10.0 (VS2010)

time: Fri Apr 07 23:57:50 2017
elapsed time: 0 seconds (0d 0h 0m 0s)

